sending incremental file list
./
.env
.env.example
.gitignore
App.tsx
constants.ts
index.html
index.tsx
manifest.json
metadata.json
package.json
sw.js
tsconfig.json
types.ts
vite.config.ts
components/
components/Icons.tsx
components/accountant/
components/accountant/AccountantDashboard.tsx
components/accountant/AccountantShipmentModal.tsx
components/accountant/ShipmentList.tsx
components/admin/
components/admin/AdminDashboard.tsx
components/admin/AdminReports.tsx
components/admin/AdminSettings.tsx
components/admin/AdminShipmentList.tsx
components/admin/AdminShipmentModal.tsx
components/admin/AdminSummary.tsx
components/admin/ManageData.tsx
components/admin/ManageUsers.tsx
components/admin/manage-data/
components/admin/manage-data/DriverManager.tsx
components/admin/manage-data/PriceManager.tsx
components/admin/manage-data/ProductManager.tsx
components/admin/manage-data/RegionManager.tsx
components/auth/
components/auth/Login.tsx
components/common/
components/common/Badge.tsx
components/common/Button.tsx
components/common/Card.tsx
components/common/FieldValue.tsx
components/common/Input.tsx
components/common/InstallPrompt.tsx
components/common/Modal.tsx
components/common/PrintableShipment.tsx
components/common/ProductDetails.tsx
components/common/SearchableSelect.tsx
components/common/Select.tsx
components/common/ShipmentListItem.tsx
components/common/ShipmentStepper.tsx
components/common/TimeWidget.tsx
components/layout/
components/layout/Layout.tsx
components/layout/Navbar.tsx
components/layout/NotificationPanel.tsx
components/sales/
components/sales/NewShipmentForm.tsx
components/sales/SalesDashboard.tsx
context/
context/AppContext.tsx
context/ThemeContext.tsx
dist_manual/
dist_manual/.env
dist_manual/App.tsx
dist_manual/constants.ts
dist_manual/index.html
dist_manual/index.tsx
dist_manual/manifest.json
dist_manual/metadata.json
dist_manual/package.json
dist_manual/sw.js
dist_manual/tsconfig.json
dist_manual/types.ts
dist_manual/vite.config.ts
dist_manual/components/
dist_manual/components/Icons.tsx
dist_manual/components/accountant/
dist_manual/components/accountant/AccountantDashboard.tsx
dist_manual/components/accountant/AccountantShipmentModal.tsx
dist_manual/components/accountant/ShipmentList.tsx
dist_manual/components/admin/
dist_manual/components/admin/AdminDashboard.tsx
dist_manual/components/admin/AdminReports.tsx
dist_manual/components/admin/AdminSettings.tsx
dist_manual/components/admin/AdminShipmentList.tsx
dist_manual/components/admin/AdminShipmentModal.tsx
dist_manual/components/admin/AdminSummary.tsx
dist_manual/components/admin/ManageData.tsx
dist_manual/components/admin/ManageUsers.tsx
dist_manual/components/admin/manage-data/
dist_manual/components/admin/manage-data/DriverManager.tsx
dist_manual/components/admin/manage-data/PriceManager.tsx
dist_manual/components/admin/manage-data/ProductManager.tsx
dist_manual/components/admin/manage-data/RegionManager.tsx
dist_manual/components/auth/
dist_manual/components/auth/Login.tsx
dist_manual/components/common/
dist_manual/components/common/Badge.tsx
dist_manual/components/common/Button.tsx
dist_manual/components/common/Card.tsx
dist_manual/components/common/FieldValue.tsx
dist_manual/components/common/Input.tsx
dist_manual/components/common/InstallPrompt.tsx
dist_manual/components/common/Modal.tsx
dist_manual/components/common/PrintableShipment.tsx
dist_manual/components/common/ProductDetails.tsx
dist_manual/components/common/SearchableSelect.tsx
dist_manual/components/common/Select.tsx
dist_manual/components/common/ShipmentListItem.tsx
dist_manual/components/common/ShipmentStepper.tsx
dist_manual/components/common/TimeWidget.tsx
dist_manual/components/layout/
dist_manual/components/layout/Layout.tsx
dist_manual/components/layout/Navbar.tsx
dist_manual/components/layout/NotificationPanel.tsx
dist_manual/components/sales/
dist_manual/components/sales/NewShipmentForm.tsx
dist_manual/components/sales/SalesDashboard.tsx
dist_manual/context/
dist_manual/context/AppContext.tsx
dist_manual/context/ThemeContext.tsx
dist_manual/hooks/
dist_manual/hooks/useFilteredNotifications.ts
dist_manual/hooks/useShipmentFilter.ts
dist_manual/utils/
dist_manual/utils/calculations.ts
dist_manual/utils/constants.ts
dist_manual/utils/dateFormatter.ts
dist_manual/utils/exportData.ts
dist_manual/utils/logger.ts
dist_manual/utils/print.ts
dist_manual/utils/sanitization.ts
dist_manual/utils/supabaseClient.ts
dist_manual/utils/validation.ts
hooks/
hooks/useFilteredNotifications.ts
hooks/useShipmentFilter.ts
lib/
utils/
utils/calculations.ts
utils/constants.ts
utils/dateFormatter.ts
utils/exportData.ts
utils/logger.ts
utils/print.ts
utils/sanitization.ts
utils/supabaseClient.ts
utils/validation.ts

sent 677,574 bytes  received 2,531 bytes  453,403.33 bytes/sec
total size is 668,183  speedup is 0.98
